<?xml version="1.0" encoding="UTF-8"?>
<testng-results ignored="0" total="1" passed="1" failed="0" skipped="0">
  <reporter-output>
  </reporter-output>
  <suite started-at="2022-07-23T21:11:32 AST" name="Default suite" finished-at="2022-07-23T21:11:37 AST" duration-ms="5185">
    <groups>
    </groups>
    <test started-at="2022-07-23T21:11:32 AST" name="Default test" finished-at="2022-07-23T21:11:37 AST" duration-ms="5185">
      <class name="Testing.FireFox">
        <test-method signature="firefoxWebDriver()[pri:0, instance:Testing.FireFox@163e4e87]" started-at="2022-07-23T21:11:32 AST" name="firefoxWebDriver" finished-at="2022-07-23T21:11:37 AST" duration-ms="5159" status="PASS">
          <reporter-output>
          </reporter-output>
        </test-method> <!-- firefoxWebDriver -->
      </class> <!-- Testing.FireFox -->
    </test> <!-- Default test -->
  </suite> <!-- Default suite -->
</testng-results>
